{
  "status": "completed",
  "taskset_json": "D:\\Codex_Project\\àööþ¥₤\\Light60_Normal72_Heavy84_tasksets (1)\\Light60.json",
  "run_dir": "D:\\Codex_Project\\bsÅß¡áGA§ãôŠ4.9ëÚ\\results\\stage1\\json_taskset_runs\\Light60_20260422_171622",
  "seed": 11,
  "result_file": "D:\\Codex_Project\\bsÅß¡áGA§ãôŠ4.9ëÚ\\results\\stage1\\json_taskset_runs\\Light60_20260422_171622\\Light60_stage1_result.json",
  "scenario_input_file": "D:\\Codex_Project\\bsÅß¡áGA§ãôŠ4.9ëÚ\\results\\stage1\\json_taskset_runs\\Light60_20260422_171622\\Light60_scenario_input.json",
  "scenario_weighted_file": "D:\\Codex_Project\\bsÅß¡áGA§ãôŠ4.9ëÚ\\results\\stage1\\json_taskset_runs\\Light60_20260422_171622\\Light60_scenario_weighted.json",
  "scenario_annotated_file": "D:\\Codex_Project\\bsÅß¡áGA§ãôŠ4.9ëÚ\\results\\stage1\\json_taskset_runs\\Light60_20260422_171622\\Light60_scenario_annotated.json",
  "baseline_trace_file": "D:\\Codex_Project\\bsÅß¡áGA§ãôŠ4.9ëÚ\\results\\stage1\\json_taskset_runs\\Light60_20260422_171622\\Light60_baseline_trace.json",
  "runtime_seconds": 3194.601341700003,
  "timed_out": false,
  "generations": 33,
  "feasible_count": 5,
  "task_stats": {
    "count": 60,
    "total_data_Mb": 29856520.400000006,
    "weighted_average_priority": 2.0833333333333335,
    "peak_concurrency": 11,
    "peak_avg_required_Mbps": 1129.1000000000004,
    "min_window_s": 3240.0,
    "max_window_s": 7140.0,
    "mean_window_s": 4959.0
  },
  "stage1_screening": {
    "candidate_window_count_raw": 23572,
    "candidate_window_count_screened": 400,
    "screen_pool_size": 550,
    "screen_block_seconds": null,
    "screen_metric": "candidate_pool_v49",
    "candidate_pool_base_size": 400,
    "candidate_pool_base_selected": 400,
    "candidate_pool_base_reg_quota": 280,
    "candidate_pool_base_hot_quota": 120,
    "candidate_pool_hot_channel_enabled": true,
    "candidate_pool_additional_limit": 150,
    "candidate_pool_additional_selected": 0,
    "candidate_pool_min_per_coarse_segment": 3,
    "candidate_pool_coarse_segment_positive_demand_count": 115,
    "candidate_pool_coarse_segment_unmet_count": 0,
    "candidate_pool_coarse_segments": [
      {
        "index": 1,
        "start": 900.0,
        "end": 1320.0,
        "demand_mass": 149825.77272727274,
        "base_coverage": 9,
        "final_coverage": 9,
        "target_coverage": 3,
        "added_window_count": 0,
        "base_shortfall": 0,
        "final_shortfall": 0
      },
      {
        "index": 2,
        "start": 1320.0,
        "end": 1920.0,
        "demand_mass": 422898.5324675325,
        "base_coverage": 13,
        "final_coverage": 13,
        "target_coverage": 3,
        "added_window_count": 0,
        "base_shortfall": 0,
        "final_shortfall": 0
      },
      {
        "index": 3,
        "start": 1920.0,
        "end": 2100.0,
        "demand_mass": 163364.91974025976,
        "base_coverage": 14,
        "final_coverage": 14,
        "target_coverage": 3,
        "added_window_count": 0,
        "base_shortfall": 0,
        "final_shortfall": 0
      },
      {
        "index": 4,
        "start": 2100.0,
        "end": 2700.0,
        "demand_mass": 661395.4467532467,
        "base_coverage": 18,
        "final_coverage": 18,
        "target_coverage": 3,
        "added_window_count": 0,
        "base_shortfall": 0,
        "final_shortfall": 0
      },
      {
        "index": 5,
        "start": 2700.0,
        "end": 3120.0,
        "demand_mass": 538065.7801691332,
        "base_coverage": 21,
        "final_coverage": 21,
        "target_coverage": 3,
        "added_window_count": 0,
        "base_shortfall": 0,
        "final_shortfall": 0
      },
      {
        "index": 6,
        "start": 3120.0,
        "end": 3300.0,
        "demand_mass": 245590.4654333104,
        "base_coverage": 21,
        "final_coverage": 21,
        "target_coverage": 3,
        "added_window_count": 0,
        "base_shortfall": 0,
        "final_shortfall": 0
      },
      {
        "index": 7,
        "start": 3300.0,
        "end": 3720.0,
        "demand_mass": 605181.8557080273,
        "base_coverage": 26,
        "final_coverage": 26,
        "target_coverage": 3,
        "added_window_count": 0,
        "base_shortfall": 0,
        "final_shortfall": 0
      },
      {
        "index": 8,
        "start": 3720.0,
        "end": 3900.0,
        "demand_mass": 271431.5222137393,
        "base_coverage": 27,
        "final_coverage": 27,
        "target_coverage": 3,
        "added_window_count": 0,
        "base_shortfall": 0,
        "final_shortfall": 0
      },
      {
        "index": 9,
        "start": 3900.0,
        "end": 4320.0,
        "demand_mass": 756540.2184987249,
        "base_coverage": 30,
        "final_coverage": 30,
        "target_coverage": 3,
        "added_window_count": 0,
        "base_shortfall": 0,
        "final_shortfall": 0
      },
      {
        "index": 10,
        "start": 4320.0,
        "end": 4860.0,
        "demand_mass": 1064500.012019369,
        "base_coverage": 34,
        "final_coverage": 34,
        "target_coverage": 3,
        "added_window_count": 0,
        "base_shortfall": 0,
        "final_shortfall": 0
      },
      {
        "index": 11,
        "start": 4860.0,
        "end": 5520.0,
        "demand_mass": 1065615.0702458955,
        "base_coverage": 38,
        "final_coverage": 38,
        "target_coverage": 3,
        "added_window_count": 0,
        "base_shortfall": 0,
        "final_shortfall": 0
      },
      {
        "index": 12,
        "start": 5520.0,
        "end": 5820.0,
        "demand_mass": 379939.62933254987,
        "base_coverage": 38,
        "final_coverage": 38,
        "target_coverage": 3,
        "added_window_count": 0,
        "base_shortfall": 0,
        "final_shortfall": 0
      },
      {
        "index": 13,
        "start": 5820.0,
        "end": 6720.0,
        "demand_mass": 957342.0879976497,
        "base_coverage": 42,
        "final_coverage": 42,
        "target_coverage": 3,
        "added_window_count": 0,
        "base_shortfall": 0,
        "final_shortfall": 0
      },
      {
        "index": 14,
        "start": 6720.0,
        "end": 7860.0,
        "demand_mass": 990626.4543208325,
        "base_coverage": 42,
        "final_coverage": 42,
        "target_coverage": 3,
        "added_window_count": 0,
        "base_shortfall": 0,
        "final_shortfall": 0
      },
      {
        "index": 15,
        "start": 7860.0,
        "end": 7920.0,
        "demand_mass": 41411.23908910134,
        "base_coverage": 35,
        "final_coverage": 35,
        "target_coverage": 3,
        "added_window_count": 0,
        "base_shortfall": 0,
        "final_shortfall": 0
      },
      {
        "index": 16,
        "start": 7920.0,
        "end": 8100.0,
        "demand_mass": 110460.53025431703,
        "base_coverage": 36,
        "final_coverage": 36,
        "target_coverage": 3,
        "added_window_count": 0,
        "base_shortfall": 0,
        "final_shortfall": 0
      },
      {
        "index": 17,
        "start": 8100.0,
        "end": 8520.0,
        "demand_mass": 415150.52362370945,
        "base_coverage": 38,
        "final_coverage": 38,
        "target_coverage": 3,
        "added_window_count": 0,
        "base_shortfall": 0,
        "final_shortfall": 0
      },
      {
        "index": 18,
        "start": 8520.0,
        "end": 8880.0,
        "demand_mass": 487426.1859631795,
        "base_coverage": 37,
        "final_coverage": 37,
        "target_coverage": 3,
        "added_window_count": 0,
        "base_shortfall": 0,
        "final_shortfall": 0
      },
      {
        "index": 19,
        "start": 8880.0,
        "end": 8940.0,
        "demand_mass": 77215.07440471597,
        "base_coverage": 35,
        "final_coverage": 35,
        "target_coverage": 3,
        "added_window_count": 0,
        "base_shortfall": 0,
        "final_shortfall": 0
      },
      {
        "index": 20,
        "start": 8940.0,
        "end": 9120.0,
        "demand_mass": 216654.37785332318,
        "base_coverage": 36,
        "final_coverage": 36,
        "target_coverage": 3,
        "added_window_count": 0,
        "base_shortfall": 0,
        "final_shortfall": 0
      },
      {
        "index": 21,
        "start": 9120.0,
        "end": 9300.0,
        "demand_mass": 254962.80862255392,
        "base_coverage": 36,
        "final_coverage": 36,
        "target_coverage": 3,
        "added_window_count": 0,
        "base_shortfall": 0,
        "final_shortfall": 0
      },
      {
        "index": 22,
        "start": 9300.0,
        "end": 9900.0,
        "demand_mass": 972564.0287418464,
        "base_coverage": 40,
        "final_coverage": 40,
        "target_coverage": 3,
        "added_window_count": 0,
        "base_shortfall": 0,
        "final_shortfall": 0
      },
      {
        "index": 23,
        "start": 9900.0,
        "end": 10320.0,
        "demand_mass": 759665.741049525,
        "base_coverage": 41,
        "final_coverage": 41,
        "target_coverage": 3,
        "added_window_count": 0,
        "base_shortfall": 0,
        "final_shortfall": 0
      },
      {
        "index": 24,
        "start": 10320.0,
        "end": 10380.0,
        "demand_mass": 113770.47316907794,
        "base_coverage": 38,
        "final_coverage": 38,
        "target_coverage": 3,
        "added_window_count": 0,
        "base_shortfall": 0,
        "final_shortfall": 0
      },
      {
        "index": 25,
        "start": 10380.0,
        "end": 10500.0,
        "demand_mass": 192340.94633815592,
        "base_coverage": 39,
        "final_coverage": 39,
        "target_coverage": 3,
        "added_window_count": 0,
        "base_shortfall": 0,
        "final_shortfall": 0
      },
      {
        "index": 26,
        "start": 10500.0,
        "end": 10920.0,
        "demand_mass": 706932.5121835456,
        "base_coverage": 45,
        "final_coverage": 45,
        "target_coverage": 3,
        "added_window_count": 0,
        "base_shortfall": 0,
        "final_shortfall": 0
      },
      {
        "index": 27,
        "start": 10920.0,
        "end": 11100.0,
        "demand_mass": 315643.076650091,
        "base_coverage": 45,
        "final_coverage": 45,
        "target_coverage": 3,
        "added_window_count": 0,
        "base_shortfall": 0,
        "final_shortfall": 0
      },
      {
        "index": 28,
        "start": 11100.0,
        "end": 11460.0,
        "demand_mass": 742166.153300182,
        "base_coverage": 48,
        "final_coverage": 48,
        "target_coverage": 3,
        "added_window_count": 0,
        "base_shortfall": 0,
        "final_shortfall": 0
      },
      {
        "index": 29,
        "start": 11460.0,
        "end": 11520.0,
        "demand_mass": 113493.75384134686,
        "base_coverage": 48,
        "final_coverage": 48,
        "target_coverage": 3,
        "added_window_count": 0,
        "base_shortfall": 0,
        "final_shortfall": 0
      },
      {
        "index": 30,
        "start": 11520.0,
        "end": 12060.0,
        "demand_mass": 1117905.391294811,
        "base_coverage": 52,
        "final_coverage": 52,
        "target_coverage": 3,
        "added_window_count": 0,
        "base_shortfall": 0,
        "final_shortfall": 0
      },
      {
        "index": 31,
        "start": 12060.0,
        "end": 12720.0,
        "demand_mass": 1118971.3615825465,
        "base_coverage": 49,
        "final_coverage": 49,
        "target_coverage": 3,
        "added_window_count": 0,
        "base_shortfall": 0,
        "final_shortfall": 0
      },
      {
        "index": 32,
        "start": 12720.0,
        "end": 13020.0,
        "demand_mass": 398970.9461738848,
        "base_coverage": 42,
        "final_coverage": 42,
        "target_coverage": 3,
        "added_window_count": 0,
        "base_shortfall": 0,
        "final_shortfall": 0
      },
      {
        "index": 33,
        "start": 13020.0,
        "end": 13920.0,
        "demand_mass": 1005370.6846755005,
        "base_coverage": 45,
        "final_coverage": 45,
        "target_coverage": 3,
        "added_window_count": 0,
        "base_shortfall": 0,
        "final_shortfall": 0
      },
      {
        "index": 34,
        "start": 13920.0,
        "end": 15060.0,
        "demand_mass": 1040362.3339223006,
        "base_coverage": 43,
        "final_coverage": 43,
        "target_coverage": 3,
        "added_window_count": 0,
        "base_shortfall": 0,
        "final_shortfall": 0
      },
      {
        "index": 35,
        "start": 15060.0,
        "end": 15120.0,
        "demand_mass": 43488.63789309538,
        "base_coverage": 36,
        "final_coverage": 36,
        "target_coverage": 3,
        "added_window_count": 0,
        "base_shortfall": 0,
        "final_shortfall": 0
      },
      {
        "index": 36,
        "start": 15120.0,
        "end": 15300.0,
        "demand_mass": 116006.256536429,
        "base_coverage": 37,
        "final_coverage": 37,
        "target_coverage": 3,
        "added_window_count": 0,
        "base_shortfall": 0,
        "final_shortfall": 0
      },
      {
        "index": 37,
        "start": 15300.0,
        "end": 15720.0,
        "demand_mass": 443052.6379789403,
        "base_coverage": 39,
        "final_coverage": 39,
        "target_coverage": 3,
        "added_window_count": 0,
        "base_shortfall": 0,
        "final_shortfall": 0
      },
      {
        "index": 38,
        "start": 15720.0,
        "end": 16080.0,
        "demand_mass": 523873.98683909175,
        "base_coverage": 38,
        "final_coverage": 38,
        "target_coverage": 3,
        "added_window_count": 0,
        "base_shortfall": 0,
        "final_shortfall": 0
      },
      {
        "index": 39,
        "start": 16080.0,
        "end": 16140.0,
        "demand_mass": 83088.33113984863,
        "base_coverage": 36,
        "final_coverage": 36,
        "target_coverage": 3,
        "added_window_count": 0,
        "base_shortfall": 0,
        "final_shortfall": 0
      },
      {
        "index": 40,
        "start": 16140.0,
        "end": 16320.0,
        "demand_mass": 233524.60579067987,
        "base_coverage": 37,
        "final_coverage": 37,
        "target_coverage": 3,
        "added_window_count": 0,
        "base_shortfall": 0,
        "final_shortfall": 0
      },
      {
        "index": 41,
        "start": 16320.0,
        "end": 16500.0,
        "demand_mass": 275488.42117529525,
        "base_coverage": 40,
        "final_coverage": 40,
        "target_coverage": 3,
        "added_window_count": 0,
        "base_shortfall": 0,
        "final_shortfall": 0
      },
      {
        "index": 42,
        "start": 16500.0,
        "end": 16920.0,
        "demand_mass": 736867.116075689,
        "base_coverage": 44,
        "final_coverage": 44,
        "target_coverage": 3,
        "added_window_count": 0,
        "base_shortfall": 0,
        "final_shortfall": 0
      },
      {
        "index": 43,
        "start": 16920.0,
        "end": 17100.0,
        "demand_mass": 361752.301078443,
        "base_coverage": 44,
        "final_coverage": 44,
        "target_coverage": 3,
        "added_window_count": 0,
        "base_shortfall": 0,
        "final_shortfall": 0
      },
      {
        "index": 44,
        "start": 17100.0,
        "end": 17580.0,
        "demand_mass": 1063376.8772944526,
        "base_coverage": 51,
        "final_coverage": 51,
        "target_coverage": 3,
        "added_window_count": 0,
        "base_shortfall": 0,
        "final_shortfall": 0
      },
      {
        "index": 45,
        "start": 17580.0,
        "end": 17700.0,
        "demand_mass": 228884.21932361316,
        "base_coverage": 50,
        "final_coverage": 50,
        "target_coverage": 3,
        "added_window_count": 0,
        "base_shortfall": 0,
        "final_shortfall": 0
      },
      {
        "index": 46,
        "start": 17700.0,
        "end": 18120.0,
        "demand_mass": 838037.4858144643,
        "base_coverage": 55,
        "final_coverage": 55,
        "target_coverage": 3,
        "added_window_count": 0,
        "base_shortfall": 0,
        "final_shortfall": 0
      },
      {
        "index": 47,
        "start": 18120.0,
        "end": 18300.0,
        "demand_mass": 373039.18295702955,
        "base_coverage": 58,
        "final_coverage": 58,
        "target_coverage": 3,
        "added_window_count": 0,
        "base_shortfall": 0,
        "final_shortfall": 0
      },
      {
        "index": 48,
        "start": 18300.0,
        "end": 18660.0,
        "demand_mass": 867518.365914059,
        "base_coverage": 59,
        "final_coverage": 59,
        "target_coverage": 3,
        "added_window_count": 0,
        "base_shortfall": 0,
        "final_shortfall": 0
      },
      {
        "index": 49,
        "start": 18660.0,
        "end": 18720.0,
        "demand_mass": 133868.43801648883,
        "base_coverage": 56,
        "final_coverage": 56,
        "target_coverage": 3,
        "added_window_count": 0,
        "base_shortfall": 0,
        "final_shortfall": 0
      },
      {
        "index": 50,
        "start": 18720.0,
        "end": 19260.0,
        "demand_mass": 1310414.1673584837,
        "base_coverage": 61,
        "final_coverage": 61,
        "target_coverage": 3,
        "added_window_count": 0,
        "base_shortfall": 0,
        "final_shortfall": 0
      },
      {
        "index": 51,
        "start": 19260.0,
        "end": 19920.0,
        "demand_mass": 1330748.0156603688,
        "base_coverage": 56,
        "final_coverage": 56,
        "target_coverage": 3,
        "added_window_count": 0,
        "base_shortfall": 0,
        "final_shortfall": 0
      },
      {
        "index": 52,
        "start": 19920.0,
        "end": 20220.0,
        "demand_mass": 484789.97594951827,
        "base_coverage": 45,
        "final_coverage": 45,
        "target_coverage": 3,
        "added_window_count": 0,
        "base_shortfall": 0,
        "final_shortfall": 0
      },
      {
        "index": 53,
        "start": 20220.0,
        "end": 20460.0,
        "demand_mass": 331880.22691346076,
        "base_coverage": 41,
        "final_coverage": 41,
        "target_coverage": 3,
        "added_window_count": 0,
        "base_shortfall": 0,
        "final_shortfall": 0
      },
      {
        "index": 54,
        "start": 20460.0,
        "end": 21120.0,
        "demand_mass": 744179.5596052376,
        "base_coverage": 42,
        "final_coverage": 42,
        "target_coverage": 3,
        "added_window_count": 0,
        "base_shortfall": 0,
        "final_shortfall": 0
      },
      {
        "index": 55,
        "start": 21120.0,
        "end": 22260.0,
        "demand_mass": 1030093.1717856698,
        "base_coverage": 42,
        "final_coverage": 42,
        "target_coverage": 3,
        "added_window_count": 0,
        "base_shortfall": 0,
        "final_shortfall": 0
      },
      {
        "index": 56,
        "start": 22260.0,
        "end": 22320.0,
        "demand_mass": 41877.420791657045,
        "base_coverage": 35,
        "final_coverage": 35,
        "target_coverage": 3,
        "added_window_count": 0,
        "base_shortfall": 0,
        "final_shortfall": 0
      },
      {
        "index": 57,
        "start": 22320.0,
        "end": 22500.0,
        "demand_mass": 109799.66886847763,
        "base_coverage": 37,
        "final_coverage": 37,
        "target_coverage": 3,
        "added_window_count": 0,
        "base_shortfall": 0,
        "final_shortfall": 0
      },
      {
        "index": 58,
        "start": 22500.0,
        "end": 22920.0,
        "demand_mass": 433079.7137234175,
        "base_coverage": 39,
        "final_coverage": 39,
        "target_coverage": 3,
        "added_window_count": 0,
        "base_shortfall": 0,
        "final_shortfall": 0
      },
      {
        "index": 59,
        "start": 22920.0,
        "end": 23280.0,
        "demand_mass": 519120.5774772149,
        "base_coverage": 40,
        "final_coverage": 40,
        "target_coverage": 3,
        "added_window_count": 0,
        "base_shortfall": 0,
        "final_shortfall": 0
      },
      {
        "index": 60,
        "start": 23280.0,
        "end": 23520.0,
        "demand_mass": 327573.3710313216,
        "base_coverage": 40,
        "final_coverage": 40,
        "target_coverage": 3,
        "added_window_count": 0,
        "base_shortfall": 0,
        "final_shortfall": 0
      },
      {
        "index": 61,
        "start": 23520.0,
        "end": 23700.0,
        "demand_mass": 288755.0805811835,
        "base_coverage": 43,
        "final_coverage": 43,
        "target_coverage": 3,
        "added_window_count": 0,
        "base_shortfall": 0,
        "final_shortfall": 0
      },
      {
        "index": 62,
        "start": 23700.0,
        "end": 24120.0,
        "demand_mass": 770276.4183257917,
        "base_coverage": 47,
        "final_coverage": 47,
        "target_coverage": 3,
        "added_window_count": 0,
        "base_shortfall": 0,
        "final_shortfall": 0
      },
      {
        "index": 63,
        "start": 24120.0,
        "end": 24300.0,
        "demand_mass": 390375.79381032725,
        "base_coverage": 47,
        "final_coverage": 47,
        "target_coverage": 3,
        "added_window_count": 0,
        "base_shortfall": 0,
        "final_shortfall": 0
      },
      {
        "index": 64,
        "start": 24300.0,
        "end": 24780.0,
        "demand_mass": 1142299.5307810276,
        "base_coverage": 54,
        "final_coverage": 54,
        "target_coverage": 3,
        "added_window_count": 0,
        "base_shortfall": 0,
        "final_shortfall": 0
      },
      {
        "index": 65,
        "start": 24780.0,
        "end": 25020.0,
        "demand_mass": 490189.7653905138,
        "base_coverage": 53,
        "final_coverage": 53,
        "target_coverage": 3,
        "added_window_count": 0,
        "base_shortfall": 0,
        "final_shortfall": 0
      },
      {
        "index": 66,
        "start": 25020.0,
        "end": 25500.0,
        "demand_mass": 1014318.4525201581,
        "base_coverage": 58,
        "final_coverage": 58,
        "target_coverage": 3,
        "added_window_count": 0,
        "base_shortfall": 0,
        "final_shortfall": 0
      },
      {
        "index": 67,
        "start": 25500.0,
        "end": 25860.0,
        "demand_mass": 885346.8393901186,
        "base_coverage": 59,
        "final_coverage": 59,
        "target_coverage": 3,
        "added_window_count": 0,
        "base_shortfall": 0,
        "final_shortfall": 0
      },
      {
        "index": 68,
        "start": 25860.0,
        "end": 25920.0,
        "demand_mass": 135824.67043056598,
        "base_coverage": 54,
        "final_coverage": 54,
        "target_coverage": 3,
        "added_window_count": 0,
        "base_shortfall": 0,
        "final_shortfall": 0
      },
      {
        "index": 69,
        "start": 25920.0,
        "end": 26460.0,
        "demand_mass": 1330831.5263120688,
        "base_coverage": 58,
        "final_coverage": 58,
        "target_coverage": 3,
        "added_window_count": 0,
        "base_shortfall": 0,
        "final_shortfall": 0
      },
      {
        "index": 70,
        "start": 26460.0,
        "end": 27120.0,
        "demand_mass": 1348616.8154925285,
        "base_coverage": 54,
        "final_coverage": 54,
        "target_coverage": 3,
        "added_window_count": 0,
        "base_shortfall": 0,
        "final_shortfall": 0
      },
      {
        "index": 71,
        "start": 27120.0,
        "end": 27420.0,
        "demand_mass": 489749.81483426614,
        "base_coverage": 44,
        "final_coverage": 44,
        "target_coverage": 3,
        "added_window_count": 0,
        "base_shortfall": 0,
        "final_shortfall": 0
      },
      {
        "index": 72,
        "start": 27420.0,
        "end": 27660.0,
        "demand_mass": 334366.4487904898,
        "base_coverage": 41,
        "final_coverage": 41,
        "target_coverage": 3,
        "added_window_count": 0,
        "base_shortfall": 0,
        "final_shortfall": 0
      },
      {
        "index": 73,
        "start": 27660.0,
        "end": 28320.0,
        "demand_mass": 746576.9951907961,
        "base_coverage": 42,
        "final_coverage": 42,
        "target_coverage": 3,
        "added_window_count": 0,
        "base_shortfall": 0,
        "final_shortfall": 0
      },
      {
        "index": 74,
        "start": 28320.0,
        "end": 29460.0,
        "demand_mass": 1027573.9813035831,
        "base_coverage": 41,
        "final_coverage": 41,
        "target_coverage": 3,
        "added_window_count": 0,
        "base_shortfall": 0,
        "final_shortfall": 0
      },
      {
        "index": 75,
        "start": 29460.0,
        "end": 29700.0,
        "demand_mass": 165682.65750822067,
        "base_coverage": 37,
        "final_coverage": 37,
        "target_coverage": 3,
        "added_window_count": 0,
        "base_shortfall": 0,
        "final_shortfall": 0
      },
      {
        "index": 76,
        "start": 29700.0,
        "end": 30120.0,
        "demand_mass": 460778.82336665894,
        "base_coverage": 40,
        "final_coverage": 40,
        "target_coverage": 3,
        "added_window_count": 0,
        "base_shortfall": 0,
        "final_shortfall": 0
      },
      {
        "index": 77,
        "start": 30120.0,
        "end": 30300.0,
        "demand_mass": 268916.1700142824,
        "base_coverage": 40,
        "final_coverage": 40,
        "target_coverage": 3,
        "added_window_count": 0,
        "base_shortfall": 0,
        "final_shortfall": 0
      },
      {
        "index": 78,
        "start": 30300.0,
        "end": 30540.0,
        "demand_mass": 471664.22668570984,
        "base_coverage": 42,
        "final_coverage": 42,
        "target_coverage": 3,
        "added_window_count": 0,
        "base_shortfall": 0,
        "final_shortfall": 0
      },
      {
        "index": 79,
        "start": 30540.0,
        "end": 30600.0,
        "demand_mass": 113673.69145403616,
        "base_coverage": 43,
        "final_coverage": 43,
        "target_coverage": 3,
        "added_window_count": 0,
        "base_shortfall": 0,
        "final_shortfall": 0
      },
      {
        "index": 80,
        "start": 30600.0,
        "end": 30720.0,
        "demand_mass": 218617.78290807235,
        "base_coverage": 43,
        "final_coverage": 43,
        "target_coverage": 3,
        "added_window_count": 0,
        "base_shortfall": 0,
        "final_shortfall": 0
      },
      {
        "index": 81,
        "start": 30720.0,
        "end": 30900.0,
        "demand_mass": 369539.57282364694,
        "base_coverage": 48,
        "final_coverage": 48,
        "target_coverage": 3,
        "added_window_count": 0,
        "base_shortfall": 0,
        "final_shortfall": 0
      },
      {
        "index": 82,
        "start": 30900.0,
        "end": 31500.0,
        "demand_mass": 1365002.6799749269,
        "base_coverage": 58,
        "final_coverage": 58,
        "target_coverage": 3,
        "added_window_count": 0,
        "base_shortfall": 0,
        "final_shortfall": 0
      },
      {
        "index": 83,
        "start": 31500.0,
        "end": 31980.0,
        "demand_mass": 1189841.7718869185,
        "base_coverage": 62,
        "final_coverage": 62,
        "target_coverage": 3,
        "added_window_count": 0,
        "base_shortfall": 0,
        "final_shortfall": 0
      },
      {
        "index": 84,
        "start": 31980.0,
        "end": 32100.0,
        "demand_mass": 255924.44297172962,
        "base_coverage": 61,
        "final_coverage": 61,
        "target_coverage": 3,
        "added_window_count": 0,
        "base_shortfall": 0,
        "final_shortfall": 0
      },
      {
        "index": 85,
        "start": 32100.0,
        "end": 32520.0,
        "demand_mass": 932371.5504010536,
        "base_coverage": 69,
        "final_coverage": 69,
        "target_coverage": 3,
        "added_window_count": 0,
        "base_shortfall": 0,
        "final_shortfall": 0
      },
      {
        "index": 86,
        "start": 32520.0,
        "end": 32700.0,
        "demand_mass": 413350.1887100861,
        "base_coverage": 64,
        "final_coverage": 64,
        "target_coverage": 3,
        "added_window_count": 0,
        "base_shortfall": 0,
        "final_shortfall": 0
      },
      {
        "index": 87,
        "start": 32700.0,
        "end": 33060.0,
        "demand_mass": 947084.3774201721,
        "base_coverage": 67,
        "final_coverage": 67,
        "target_coverage": 3,
        "added_window_count": 0,
        "base_shortfall": 0,
        "final_shortfall": 0
      },
      {
        "index": 88,
        "start": 33060.0,
        "end": 33120.0,
        "demand_mass": 145801.8970770315,
        "base_coverage": 59,
        "final_coverage": 59,
        "target_coverage": 3,
        "added_window_count": 0,
        "base_shortfall": 0,
        "final_shortfall": 0
      },
      {
        "index": 89,
        "start": 33120.0,
        "end": 33540.0,
        "demand_mass": 1102061.93836275,
        "base_coverage": 62,
        "final_coverage": 62,
        "target_coverage": 3,
        "added_window_count": 0,
        "base_shortfall": 0,
        "final_shortfall": 0
      },
      {
        "index": 90,
        "start": 33540.0,
        "end": 33660.0,
        "demand_mass": 258320.17286554762,
        "base_coverage": 53,
        "final_coverage": 53,
        "target_coverage": 3,
        "added_window_count": 0,
        "base_shortfall": 0,
        "final_shortfall": 0
      },
      {
        "index": 91,
        "start": 33660.0,
        "end": 34320.0,
        "demand_mass": 1152307.2507605115,
        "base_coverage": 58,
        "final_coverage": 58,
        "target_coverage": 3,
        "added_window_count": 0,
        "base_shortfall": 0,
        "final_shortfall": 0
      },
      {
        "index": 92,
        "start": 34320.0,
        "end": 34620.0,
        "demand_mass": 404710.13735867414,
        "base_coverage": 47,
        "final_coverage": 47,
        "target_coverage": 3,
        "added_window_count": 0,
        "base_shortfall": 0,
        "final_shortfall": 0
      },
      {
        "index": 93,
        "start": 34620.0,
        "end": 35520.0,
        "demand_mass": 1006065.9197683301,
        "base_coverage": 47,
        "final_coverage": 47,
        "target_coverage": 3,
        "added_window_count": 0,
        "base_shortfall": 0,
        "final_shortfall": 0
      },
      {
        "index": 94,
        "start": 35520.0,
        "end": 36300.0,
        "demand_mass": 698758.4620676178,
        "base_coverage": 41,
        "final_coverage": 41,
        "target_coverage": 3,
        "added_window_count": 0,
        "base_shortfall": 0,
        "final_shortfall": 0
      },
      {
        "index": 95,
        "start": 36300.0,
        "end": 36660.0,
        "demand_mass": 417543.90556966973,
        "base_coverage": 37,
        "final_coverage": 37,
        "target_coverage": 3,
        "added_window_count": 0,
        "base_shortfall": 0,
        "final_shortfall": 0
      },
      {
        "index": 96,
        "start": 36660.0,
        "end": 36720.0,
        "demand_mass": 57360.697439906195,
        "base_coverage": 36,
        "final_coverage": 36,
        "target_coverage": 3,
        "added_window_count": 0,
        "base_shortfall": 0,
        "final_shortfall": 0
      },
      {
        "index": 97,
        "start": 36720.0,
        "end": 36900.0,
        "demand_mass": 187193.91788362837,
        "base_coverage": 35,
        "final_coverage": 35,
        "target_coverage": 3,
        "added_window_count": 0,
        "base_shortfall": 0,
        "final_shortfall": 0
      },
      {
        "index": 98,
        "start": 36900.0,
        "end": 37020.0,
        "demand_mass": 163328.42707393406,
        "base_coverage": 35,
        "final_coverage": 35,
        "target_coverage": 3,
        "added_window_count": 0,
        "base_shortfall": 0,
        "final_shortfall": 0
      },
      {
        "index": 99,
        "start": 37020.0,
        "end": 37320.0,
        "demand_mass": 430807.3357260722,
        "base_coverage": 39,
        "final_coverage": 39,
        "target_coverage": 3,
        "added_window_count": 0,
        "base_shortfall": 0,
        "final_shortfall": 0
      },
      {
        "index": 100,
        "start": 37320.0,
        "end": 37500.0,
        "demand_mass": 314877.06429278624,
        "base_coverage": 39,
        "final_coverage": 39,
        "target_coverage": 3,
        "added_window_count": 0,
        "base_shortfall": 0,
        "final_shortfall": 0
      },
      {
        "index": 101,
        "start": 37500.0,
        "end": 37680.0,
        "demand_mass": 410813.845688135,
        "base_coverage": 42,
        "final_coverage": 42,
        "target_coverage": 3,
        "added_window_count": 0,
        "base_shortfall": 0,
        "final_shortfall": 0
      },
      {
        "index": 102,
        "start": 37680.0,
        "end": 38100.0,
        "demand_mass": 926453.4166831678,
        "base_coverage": 48,
        "final_coverage": 48,
        "target_coverage": 3,
        "added_window_count": 0,
        "base_shortfall": 0,
        "final_shortfall": 0
      },
      {
        "index": 103,
        "start": 38100.0,
        "end": 38700.0,
        "demand_mass": 1428666.023833097,
        "base_coverage": 57,
        "final_coverage": 57,
        "target_coverage": 3,
        "added_window_count": 0,
        "base_shortfall": 0,
        "final_shortfall": 0
      },
      {
        "index": 104,
        "start": 38700.0,
        "end": 39180.0,
        "demand_mass": 1176881.9497331441,
        "base_coverage": 62,
        "final_coverage": 62,
        "target_coverage": 3,
        "added_window_count": 0,
        "base_shortfall": 0,
        "final_shortfall": 0
      },
      {
        "index": 105,
        "start": 39180.0,
        "end": 39720.0,
        "demand_mass": 1143416.193449787,
        "base_coverage": 61,
        "final_coverage": 61,
        "target_coverage": 3,
        "added_window_count": 0,
        "base_shortfall": 0,
        "final_shortfall": 0
      },
      {
        "index": 106,
        "start": 39720.0,
        "end": 40260.0,
        "demand_mass": 1188707.6693118564,
        "base_coverage": 54,
        "final_coverage": 54,
        "target_coverage": 3,
        "added_window_count": 0,
        "base_shortfall": 0,
        "final_shortfall": 0
      },
      {
        "index": 107,
        "start": 40260.0,
        "end": 40740.0,
        "demand_mass": 963544.8578757115,
        "base_coverage": 46,
        "final_coverage": 46,
        "target_coverage": 3,
        "added_window_count": 0,
        "base_shortfall": 0,
        "final_shortfall": 0
      },
      {
        "index": 108,
        "start": 40740.0,
        "end": 40860.0,
        "demand_mass": 196240.88113559454,
        "base_coverage": 36,
        "final_coverage": 36,
        "target_coverage": 3,
        "added_window_count": 0,
        "base_shortfall": 0,
        "final_shortfall": 0
      },
      {
        "index": 109,
        "start": 40860.0,
        "end": 41520.0,
        "demand_mass": 867396.1962457701,
        "base_coverage": 36,
        "final_coverage": 36,
        "target_coverage": 3,
        "added_window_count": 0,
        "base_shortfall": 0,
        "final_shortfall": 0
      },
      {
        "index": 110,
        "start": 41520.0,
        "end": 42420.0,
        "demand_mass": 900849.6805948813,
        "base_coverage": 29,
        "final_coverage": 29,
        "target_coverage": 3,
        "added_window_count": 0,
        "base_shortfall": 0,
        "final_shortfall": 0
      },
      {
        "index": 111,
        "start": 42420.0,
        "end": 42660.0,
        "demand_mass": 199142.6235972315,
        "base_coverage": 18,
        "final_coverage": 18,
        "target_coverage": 3,
        "added_window_count": 0,
        "base_shortfall": 0,
        "final_shortfall": 0
      },
      {
        "index": 112,
        "start": 42660.0,
        "end": 42720.0,
        "demand_mass": 40129.395434191596,
        "base_coverage": 16,
        "final_coverage": 16,
        "target_coverage": 3,
        "added_window_count": 0,
        "base_shortfall": 0,
        "final_shortfall": 0
      },
      {
        "index": 113,
        "start": 42720.0,
        "end": 42780.0,
        "demand_mass": 29613.28114847731,
        "base_coverage": 16,
        "final_coverage": 16,
        "target_coverage": 3,
        "added_window_count": 0,
        "base_shortfall": 0,
        "final_shortfall": 0
      },
      {
        "index": 114,
        "start": 42780.0,
        "end": 42840.0,
        "demand_mass": 13773.281148477308,
        "base_coverage": 16,
        "final_coverage": 16,
        "target_coverage": 3,
        "added_window_count": 0,
        "base_shortfall": 0,
        "final_shortfall": 0
      },
      {
        "index": 115,
        "start": 42840.0,
        "end": 43200.0,
        "demand_mass": 55656.16524137931,
        "base_coverage": 15,
        "final_coverage": 15,
        "target_coverage": 3,
        "added_window_count": 0,
        "base_shortfall": 0,
        "final_shortfall": 0
      }
    ]
  },
  "artifacts": {
    "best_cross_timeline_csv": "D:\\Codex_Project\\bsÅß¡áGA§ãôŠ4.9ëÚ\\results\\stage1\\json_taskset_runs\\Light60_20260422_171622\\Light60_best_cross_timeline.csv",
    "best_cross_timeline_png": "D:\\Codex_Project\\bsÅß¡áGA§ãôŠ4.9ëÚ\\results\\stage1\\json_taskset_runs\\Light60_20260422_171622\\Light60_best_cross_timeline.png",
    "best_capacity_profile_csv": "D:\\Codex_Project\\bsÅß¡áGA§ãôŠ4.9ëÚ\\results\\stage1\\json_taskset_runs\\Light60_20260422_171622\\Light60_best_capacity_profile.csv",
    "best_capacity_profile_png": "D:\\Codex_Project\\bsÅß¡áGA§ãôŠ4.9ëÚ\\results\\stage1\\json_taskset_runs\\Light60_20260422_171622\\Light60_best_capacity_profile.png",
    "best_cross_link_requirement_csv": "D:\\Codex_Project\\bsÅß¡áGA§ãôŠ4.9ëÚ\\results\\stage1\\json_taskset_runs\\Light60_20260422_171622\\Light60_best_cross_link_requirement.csv",
    "best_cross_link_requirement_png": "D:\\Codex_Project\\bsÅß¡áGA§ãôŠ4.9ëÚ\\results\\stage1\\json_taskset_runs\\Light60_20260422_171622\\Light60_best_cross_link_requirement.png",
    "best_task_completion_csv": "D:\\Codex_Project\\bsÅß¡áGA§ãôŠ4.9ëÚ\\results\\stage1\\json_taskset_runs\\Light60_20260422_171622\\Light60_best_task_completion.csv",
    "best_task_completion_png": "D:\\Codex_Project\\bsÅß¡áGA§ãôŠ4.9ëÚ\\results\\stage1\\json_taskset_runs\\Light60_20260422_171622\\Light60_best_task_completion.png",
    "candidate_tradeoff_csv": "D:\\Codex_Project\\bsÅß¡áGA§ãôŠ4.9ëÚ\\results\\stage1\\json_taskset_runs\\Light60_20260422_171622\\Light60_candidate_tradeoff.csv",
    "candidate_tradeoff_png": "D:\\Codex_Project\\bsÅß¡áGA§ãôŠ4.9ëÚ\\results\\stage1\\json_taskset_runs\\Light60_20260422_171622\\Light60_candidate_tradeoff.png",
    "hotspot_profile_csv": "D:\\Codex_Project\\bsÅß¡áGA§ãôŠ4.9ëÚ\\results\\stage1\\json_taskset_runs\\Light60_20260422_171622\\Light60_hotspot_profile.csv",
    "hotspot_profile_png": "D:\\Codex_Project\\bsÅß¡áGA§ãôŠ4.9ëÚ\\results\\stage1\\json_taskset_runs\\Light60_20260422_171622\\Light60_hotspot_profile.png",
    "hotspot_region_breakdown_csv": "D:\\Codex_Project\\bsÅß¡áGA§ãôŠ4.9ëÚ\\results\\stage1\\json_taskset_runs\\Light60_20260422_171622\\Light60_hotspot_region_breakdown.csv",
    "hotspot_region_breakdown_png": "D:\\Codex_Project\\bsÅß¡áGA§ãôŠ4.9ëÚ\\results\\stage1\\json_taskset_runs\\Light60_20260422_171622\\Light60_hotspot_region_breakdown.png",
    "solution_scorecard_png": "D:\\Codex_Project\\bsÅß¡áGA§ãôŠ4.9ëÚ\\results\\stage1\\json_taskset_runs\\Light60_20260422_171622\\Light60_solution_scorecard.png",
    "ga_history_csv": "D:\\Codex_Project\\bsÅß¡áGA§ãôŠ4.9ëÚ\\results\\stage1\\json_taskset_runs\\Light60_20260422_171622\\Light60_ga_history.csv",
    "ga_convergence_png": "D:\\Codex_Project\\bsÅß¡áGA§ãôŠ4.9ëÚ\\results\\stage1\\json_taskset_runs\\Light60_20260422_171622\\Light60_ga_convergence.png"
  },
  "best_summary": {
    "mean_completion_ratio": 1.0,
    "fr": 1.0,
    "eta_cap": 0.006208198574615708,
    "eta_0": 0.006208198574615708,
    "hotspot_coverage": 0.8208572567926338,
    "hotspot_max_gap": 300.0,
    "gateway_count": 18,
    "window_count": 10,
    "activation_count": 20,
    "max_cross_gap": 1432.198,
    "cross_active_fraction": 0.9668472685185185
  }
}
